<?xml version="1.0" encoding="UTF-8"?>
<testsuite xmlns:xsi="http://www.w3.org/2001/XMLSchema-instance" xsi:noNamespaceSchemaLocation="https://maven.apache.org/surefire/maven-surefire-plugin/xsd/surefire-test-report-3.0.xsd" version="3.0" name="com.coderahul.eureka.EurekaApplicationTests" time="1.858" tests="1" errors="0" skipped="0" failures="0">
  <properties>
[...]
</properties>
  <testcase name="contextLoads" classname="com.coderahul.eureka.EurekaApplicationTests" time="0.395">
    <system-out><![CDATA[22:17:02.483 [main] INFO org.springframework.test.context.support.AnnotationConfigContextLoaderUtils -- Could not detect default configuration classes for test class [com.coderahul.eureka.EurekaApplicationTests]: EurekaApplicationTests does not declare any static, non-private, non-final, nested classes annotated with @Configuration.
22:17:02.522 [main] INFO org.springframework.boot.test.context.SpringBootTestContextBootstrapper -- Found @SpringBootConfiguration com.coderahul.eureka.EurekaApplication for test class com.coderahul.eureka.EurekaApplicationTests

  .   ____          _            __ _ _
 /\\ / ___'_ __ _ _(_)_ __  __ _ \ \ \ \
( ( )\___ | '_ | '_| | '_ \/ _` | \ \ \ \
 \\/  ___)| |_)| | | | | || (_| |  ) ) ) )
  '  |____| .__|_| |_|_| |_\__, | / / / /
 =========|_|==============|___/=/_/_/_/
 :: Spring Boot ::                (v3.2.0)

2024-07-09T22:17:02.709+05:30  INFO 6310 --- [           main] c.c.eureka.EurekaApplicationTests        : Starting EurekaApplicationTests using Java 17.0.9 with PID 6310 (started by rahulvhatkar in /Users/rahulvhatkar/Desktop/Rahul/workspace-spring-tool-suite-4-4.15.1.RELEASE/Eureka)
2024-07-09T22:17:02.710+05:30  INFO 6310 --- [           main] c.c.eureka.EurekaApplicationTests        : No active profile set, falling back to 1 default profile: "default"
2024-07-09T22:17:03.102+05:30  INFO 6310 --- [           main] o.s.cloud.context.scope.GenericScope     : BeanFactory id=a269fbd8-c80e-3a44-a824-9b0cd7de668d
2024-07-09T22:17:03.527+05:30  WARN 6310 --- [           main] iguration$LoadBalancerCaffeineWarnLogger : Spring Cloud LoadBalancer is currently working with the default cache. While this cache implementation is useful for development and tests, it's recommended to use Caffeine cache in production.You can switch to using Caffeine cache, by adding it and org.springframework.cache.caffeine.CaffeineCacheManager to the classpath.
2024-07-09T22:17:03.624+05:30  INFO 6310 --- [           main] o.s.c.n.eureka.InstanceInfoFactory       : Setting initial instance status as: STARTING
2024-07-09T22:17:03.635+05:30  INFO 6310 --- [           main] com.netflix.discovery.DiscoveryClient    : Initializing Eureka in region us-east-1
2024-07-09T22:17:03.636+05:30  INFO 6310 --- [           main] com.netflix.discovery.DiscoveryClient    : Client configured to neither register nor query for data.
2024-07-09T22:17:03.639+05:30  INFO 6310 --- [           main] com.netflix.discovery.DiscoveryClient    : Discovery Client initialized at timestamp 1720543623639 with initial instances count: 0
2024-07-09T22:17:03.656+05:30  INFO 6310 --- [           main] c.n.eureka.DefaultEurekaServerContext    : Initializing ...
2024-07-09T22:17:03.656+05:30  INFO 6310 --- [           main] c.n.eureka.cluster.PeerEurekaNodes       : Adding new peer nodes [http://localhost:8761/eureka/]
2024-07-09T22:17:03.735+05:30  INFO 6310 --- [           main] c.n.d.provider.DiscoveryJerseyProvider   : Using JSON encoding codec LegacyJacksonJson
2024-07-09T22:17:03.735+05:30  INFO 6310 --- [           main] c.n.d.provider.DiscoveryJerseyProvider   : Using JSON decoding codec LegacyJacksonJson
2024-07-09T22:17:03.735+05:30  INFO 6310 --- [           main] c.n.d.provider.DiscoveryJerseyProvider   : Using XML encoding codec XStreamXml
2024-07-09T22:17:03.735+05:30  INFO 6310 --- [           main] c.n.d.provider.DiscoveryJerseyProvider   : Using XML decoding codec XStreamXml
2024-07-09T22:17:03.796+05:30  INFO 6310 --- [           main] c.n.eureka.cluster.PeerEurekaNodes       : Replica node URL:  http://localhost:8761/eureka/
2024-07-09T22:17:03.799+05:30  INFO 6310 --- [           main] c.n.e.registry.AbstractInstanceRegistry  : Finished initializing remote region registries. All known remote regions: []
2024-07-09T22:17:03.799+05:30  INFO 6310 --- [           main] c.n.eureka.DefaultEurekaServerContext    : Initialized
2024-07-09T22:17:03.834+05:30  INFO 6310 --- [           main] o.s.b.a.e.web.EndpointLinksResolver      : Exposing 1 endpoint(s) beneath base path '/actuator'
2024-07-09T22:17:03.851+05:30  INFO 6310 --- [           main] o.s.c.n.e.s.EurekaServiceRegistry        : Registering application UNKNOWN with eureka with status UP
2024-07-09T22:17:03.856+05:30  INFO 6310 --- [      Thread-10] o.s.c.n.e.server.EurekaServerBootstrap   : isAws returned false
2024-07-09T22:17:03.857+05:30  INFO 6310 --- [      Thread-10] o.s.c.n.e.server.EurekaServerBootstrap   : Initialized server context
2024-07-09T22:17:03.857+05:30  INFO 6310 --- [      Thread-10] c.n.e.r.PeerAwareInstanceRegistryImpl    : Got 1 instances from neighboring DS node
2024-07-09T22:17:03.857+05:30  INFO 6310 --- [      Thread-10] c.n.e.r.PeerAwareInstanceRegistryImpl    : Renew threshold is: 1
2024-07-09T22:17:03.857+05:30  INFO 6310 --- [      Thread-10] c.n.e.r.PeerAwareInstanceRegistryImpl    : Changing status to UP
2024-07-09T22:17:03.860+05:30  INFO 6310 --- [      Thread-10] e.s.EurekaServerInitializerConfiguration : Started Eureka Server
2024-07-09T22:17:03.866+05:30  INFO 6310 --- [           main] c.c.eureka.EurekaApplicationTests        : Started EurekaApplicationTests in 1.291 seconds (process running for 1.702)
]]></system-out>
  </testcase>
</testsuite>